2018-03-27 10:21:15 INFO  ApacheHttpClient.sendEvent(464) - responseCode = 200
2018-03-27 10:22:15 INFO  ApacheHttpClient.sendEvent(464) - responseCode = 200
2018-03-27 10:23:15 INFO  ApacheHttpClient.sendEvent(464) - responseCode = 200
2018-03-27 10:24:15 INFO  ApacheHttpClient.sendEvent(464) - responseCode = 200
2018-03-27 10:25:15 INFO  ApacheHttpClient.sendEvent(464) - responseCode = 200
2018-03-27 10:26:15 INFO  ApacheHttpClient.sendEvent(464) - responseCode = 200
2018-03-27 10:27:15 INFO  ApacheHttpClient.sendEvent(464) - responseCode = 200
2018-03-27 10:28:15 INFO  ApacheHttpClient.sendEvent(464) - responseCode = 200
2018-03-27 10:29:15 INFO  ApacheHttpClient.sendEvent(464) - responseCode = 200
2018-03-27 10:30:15 INFO  ApacheHttpClient.sendEvent(464) - responseCode = 200
2018-03-27 10:31:15 INFO  ApacheHttpClient.sendEvent(464) - responseCode = 200
2018-03-27 10:32:15 INFO  ApacheHttpClient.sendEvent(464) - responseCode = 200
2018-03-27 10:33:15 INFO  ApacheHttpClient.sendEvent(464) - responseCode = 200
2018-03-27 10:34:15 INFO  ApacheHttpClient.sendEvent(464) - responseCode = 200
2018-03-27 10:35:15 INFO  ApacheHttpClient.sendEvent(464) - responseCode = 200
2018-03-27 10:36:15 INFO  ApacheHttpClient.sendEvent(464) - responseCode = 200
2018-03-27 10:37:26 INFO  ApacheHttpClient.sendEvent(464) - responseCode = 200
2018-03-27 10:38:16 INFO  ApacheHttpClient.sendEvent(464) - responseCode = 200
2018-03-27 10:39:15 INFO  ApacheHttpClient.sendEvent(464) - responseCode = 200
2018-03-27 10:40:15 INFO  ApacheHttpClient.sendEvent(464) - responseCode = 200
2018-03-27 10:41:15 INFO  ApacheHttpClient.sendEvent(464) - responseCode = 200
2018-03-27 10:42:15 INFO  ApacheHttpClient.sendEvent(464) - responseCode = 200
2018-03-27 10:43:15 INFO  ApacheHttpClient.sendEvent(464) - responseCode = 200
2018-03-27 10:44:15 INFO  ApacheHttpClient.sendEvent(464) - responseCode = 200
2018-03-27 10:45:15 INFO  ApacheHttpClient.sendEvent(464) - responseCode = 200
2018-03-27 10:46:15 INFO  ApacheHttpClient.sendEvent(464) - responseCode = 200
2018-03-27 10:47:15 INFO  ApacheHttpClient.sendEvent(464) - responseCode = 200
2018-03-27 10:48:15 INFO  ApacheHttpClient.sendEvent(464) - responseCode = 200
2018-03-27 10:49:15 INFO  ApacheHttpClient.sendEvent(464) - responseCode = 200
2018-03-27 10:50:15 INFO  ApacheHttpClient.sendEvent(464) - responseCode = 200
2018-03-27 10:51:15 INFO  ApacheHttpClient.sendEvent(464) - responseCode = 200
2018-03-27 10:52:15 INFO  ApacheHttpClient.sendEvent(464) - responseCode = 200
2018-03-27 10:53:15 INFO  ApacheHttpClient.sendEvent(464) - responseCode = 200
2018-03-27 10:54:15 INFO  ApacheHttpClient.sendEvent(464) - responseCode = 200
2018-03-27 10:55:16 INFO  ApacheHttpClient.sendEvent(464) - responseCode = 200
2018-03-27 10:56:15 INFO  ApacheHttpClient.sendEvent(464) - responseCode = 200
2018-03-27 10:57:15 INFO  ApacheHttpClient.sendEvent(464) - responseCode = 200
2018-03-27 10:58:15 INFO  ApacheHttpClient.sendEvent(464) - responseCode = 200
2018-03-27 10:59:15 INFO  ApacheHttpClient.sendEvent(464) - responseCode = 200
2018-03-27 11:00:15 INFO  ApacheHttpClient.sendEvent(464) - responseCode = 200
2018-03-27 11:01:15 INFO  ApacheHttpClient.sendEvent(464) - responseCode = 200
2018-03-27 11:02:15 INFO  ApacheHttpClient.sendEvent(464) - responseCode = 200
2018-03-27 11:03:15 INFO  ApacheHttpClient.sendEvent(464) - responseCode = 200
2018-03-27 11:04:15 INFO  ApacheHttpClient.sendEvent(464) - responseCode = 200
2018-03-27 11:05:15 INFO  ApacheHttpClient.sendEvent(464) - responseCode = 200
2018-03-27 11:06:16 INFO  ApacheHttpClient.sendEvent(464) - responseCode = 200
2018-03-27 11:07:15 INFO  ApacheHttpClient.sendEvent(464) - responseCode = 200
2018-03-27 11:08:15 INFO  ApacheHttpClient.sendEvent(464) - responseCode = 200
2018-03-27 11:09:15 INFO  ApacheHttpClient.sendEvent(464) - responseCode = 200
2018-03-27 11:10:15 INFO  ApacheHttpClient.sendEvent(464) - responseCode = 200
2018-03-27 11:11:15 INFO  ApacheHttpClient.sendEvent(464) - responseCode = 200
2018-03-27 11:12:15 INFO  ApacheHttpClient.sendEvent(464) - responseCode = 200
2018-03-27 11:13:15 INFO  ApacheHttpClient.sendEvent(464) - responseCode = 200
2018-03-27 11:14:15 INFO  ApacheHttpClient.sendEvent(464) - responseCode = 200
2018-03-27 11:15:15 INFO  ApacheHttpClient.sendEvent(464) - responseCode = 200
2018-03-27 11:16:15 INFO  ApacheHttpClient.sendEvent(464) - responseCode = 200
2018-03-27 11:17:15 INFO  ApacheHttpClient.sendEvent(464) - responseCode = 200
2018-03-27 11:18:15 INFO  ApacheHttpClient.sendEvent(464) - responseCode = 200
2018-03-27 11:19:15 INFO  ApacheHttpClient.sendEvent(464) - responseCode = 200
2018-03-27 11:20:15 INFO  ApacheHttpClient.sendEvent(464) - responseCode = 200
2018-03-27 11:21:15 INFO  ApacheHttpClient.sendEvent(464) - responseCode = 200
2018-03-27 11:22:15 INFO  ApacheHttpClient.sendEvent(464) - responseCode = 200
2018-03-27 11:23:15 INFO  ApacheHttpClient.sendEvent(464) - responseCode = 200
2018-03-27 11:24:15 INFO  ApacheHttpClient.sendEvent(464) - responseCode = 200
2018-03-27 11:25:15 INFO  ApacheHttpClient.sendEvent(464) - responseCode = 200
2018-03-27 11:26:15 INFO  ApacheHttpClient.sendEvent(464) - responseCode = 200
2018-03-27 11:27:15 INFO  ApacheHttpClient.sendEvent(464) - responseCode = 200
2018-03-27 11:28:15 INFO  ApacheHttpClient.sendEvent(464) - responseCode = 200
2018-03-27 11:29:15 INFO  ApacheHttpClient.sendEvent(464) - responseCode = 200
2018-03-27 11:30:15 INFO  ApacheHttpClient.sendEvent(464) - responseCode = 200
2018-03-27 11:31:16 INFO  ApacheHttpClient.sendEvent(464) - responseCode = 200
2018-03-27 11:32:15 INFO  ApacheHttpClient.sendEvent(464) - responseCode = 200
2018-03-27 11:33:15 INFO  ApacheHttpClient.sendEvent(464) - responseCode = 200
2018-03-27 11:34:15 INFO  ApacheHttpClient.sendEvent(464) - responseCode = 200
2018-03-27 11:35:15 INFO  ApacheHttpClient.sendEvent(464) - responseCode = 200
2018-03-27 11:36:16 INFO  ApacheHttpClient.sendEvent(464) - responseCode = 200
2018-03-27 11:37:15 INFO  ApacheHttpClient.sendEvent(464) - responseCode = 200
2018-03-27 11:38:15 INFO  ApacheHttpClient.sendEvent(464) - responseCode = 200
2018-03-27 11:39:16 INFO  ApacheHttpClient.sendEvent(464) - responseCode = 200
2018-03-27 11:40:15 INFO  ApacheHttpClient.sendEvent(464) - responseCode = 200
2018-03-27 11:41:16 INFO  ApacheHttpClient.sendEvent(464) - responseCode = 200
2018-03-27 11:42:16 INFO  ApacheHttpClient.sendEvent(464) - responseCode = 200
2018-03-27 11:43:16 INFO  ApacheHttpClient.sendEvent(464) - responseCode = 200
2018-03-27 11:44:16 INFO  ApacheHttpClient.sendEvent(464) - responseCode = 200
2018-03-27 11:45:16 INFO  ApacheHttpClient.sendEvent(464) - responseCode = 200
2018-03-27 11:46:16 INFO  ApacheHttpClient.sendEvent(464) - responseCode = 200
2018-03-27 11:47:16 INFO  ApacheHttpClient.sendEvent(464) - responseCode = 200
2018-03-27 11:48:16 INFO  ApacheHttpClient.sendEvent(464) - responseCode = 200
2018-03-27 11:49:16 INFO  ApacheHttpClient.sendEvent(464) - responseCode = 200
2018-03-27 11:50:16 INFO  ApacheHttpClient.sendEvent(464) - responseCode = 200
2018-03-27 11:51:16 INFO  ApacheHttpClient.sendEvent(464) - responseCode = 200
2018-03-27 11:52:16 INFO  ApacheHttpClient.sendEvent(464) - responseCode = 200
2018-03-27 11:53:16 INFO  ApacheHttpClient.sendEvent(464) - responseCode = 200
2018-03-27 11:54:16 INFO  ApacheHttpClient.sendEvent(464) - responseCode = 200
2018-03-27 11:55:16 INFO  ApacheHttpClient.sendEvent(464) - responseCode = 200
2018-03-27 11:56:16 INFO  ApacheHttpClient.sendEvent(464) - responseCode = 200
2018-03-27 11:57:16 INFO  ApacheHttpClient.sendEvent(464) - responseCode = 200
2018-03-27 11:58:16 INFO  ApacheHttpClient.sendEvent(464) - responseCode = 200
2018-03-27 11:59:16 INFO  ApacheHttpClient.sendEvent(464) - responseCode = 200
2018-03-27 12:00:16 INFO  ApacheHttpClient.sendEvent(464) - responseCode = 200
2018-03-27 12:01:16 INFO  ApacheHttpClient.sendEvent(464) - responseCode = 200
2018-03-27 12:02:16 INFO  ApacheHttpClient.sendEvent(464) - responseCode = 200
2018-03-27 12:03:16 INFO  ApacheHttpClient.sendEvent(464) - responseCode = 200
2018-03-27 12:04:16 INFO  ApacheHttpClient.sendEvent(464) - responseCode = 200
2018-03-27 12:05:16 INFO  ApacheHttpClient.sendEvent(464) - responseCode = 200
2018-03-27 12:06:16 INFO  ApacheHttpClient.sendEvent(464) - responseCode = 200
2018-03-27 12:07:16 INFO  ApacheHttpClient.sendEvent(464) - responseCode = 200
2018-03-27 12:08:16 INFO  ApacheHttpClient.sendEvent(464) - responseCode = 200
2018-03-27 12:09:16 INFO  ApacheHttpClient.sendEvent(464) - responseCode = 200
2018-03-27 12:10:16 INFO  ApacheHttpClient.sendEvent(464) - responseCode = 200
2018-03-27 12:11:16 INFO  ApacheHttpClient.sendEvent(464) - responseCode = 200
2018-03-27 12:12:16 INFO  ApacheHttpClient.sendEvent(464) - responseCode = 200
2018-03-27 12:13:16 INFO  ApacheHttpClient.sendEvent(464) - responseCode = 200
2018-03-27 12:14:16 INFO  ApacheHttpClient.sendEvent(464) - responseCode = 200
2018-03-27 12:15:16 INFO  ApacheHttpClient.sendEvent(464) - responseCode = 200
2018-03-27 12:16:16 INFO  ApacheHttpClient.sendEvent(464) - responseCode = 200
2018-03-27 12:17:16 INFO  ApacheHttpClient.sendEvent(464) - responseCode = 200
2018-03-27 12:18:16 INFO  ApacheHttpClient.sendEvent(464) - responseCode = 200
2018-03-27 12:19:16 INFO  ApacheHttpClient.sendEvent(464) - responseCode = 200
2018-03-27 12:20:16 INFO  ApacheHttpClient.sendEvent(464) - responseCode = 200
2018-03-27 12:21:16 INFO  ApacheHttpClient.sendEvent(464) - responseCode = 200
2018-03-27 12:22:16 INFO  ApacheHttpClient.sendEvent(464) - responseCode = 200
2018-03-27 12:22:41 INFO  ApacheHttpClient.testConnection(188) - responseCode = 200
2018-03-27 12:22:41 INFO  ApacheHttpClient.testConnection(196) - result = true
2018-03-27 12:23:16 INFO  ApacheHttpClient.sendEvent(464) - responseCode = 200
2018-03-27 12:24:16 INFO  ApacheHttpClient.sendEvent(464) - responseCode = 200
2018-03-27 12:25:16 INFO  ApacheHttpClient.sendEvent(464) - responseCode = 200
2018-03-27 12:26:16 INFO  ApacheHttpClient.sendEvent(464) - responseCode = 200
2018-03-27 12:27:16 INFO  ApacheHttpClient.sendEvent(464) - responseCode = 200
2018-03-27 12:28:16 INFO  ApacheHttpClient.sendEvent(464) - responseCode = 200
2018-03-27 12:29:16 INFO  ApacheHttpClient.sendEvent(464) - responseCode = 200
2018-03-27 12:30:16 INFO  ApacheHttpClient.sendEvent(464) - responseCode = 200
2018-03-27 12:31:16 INFO  ApacheHttpClient.sendEvent(464) - responseCode = 200
2018-03-27 12:32:16 INFO  ApacheHttpClient.sendEvent(464) - responseCode = 200
2018-03-27 12:33:16 INFO  ApacheHttpClient.sendEvent(464) - responseCode = 200
2018-03-27 12:34:16 INFO  ApacheHttpClient.sendEvent(464) - responseCode = 200
2018-03-27 12:35:16 INFO  ApacheHttpClient.sendEvent(464) - responseCode = 200
2018-03-27 12:36:16 INFO  ApacheHttpClient.sendEvent(464) - responseCode = 200
2018-03-27 12:37:16 INFO  ApacheHttpClient.sendEvent(464) - responseCode = 200
2018-03-27 12:38:16 INFO  ApacheHttpClient.sendEvent(464) - responseCode = 200
2018-03-27 12:39:16 INFO  ApacheHttpClient.sendEvent(464) - responseCode = 200
2018-03-27 12:40:16 INFO  ApacheHttpClient.sendEvent(464) - responseCode = 200
2018-03-27 12:41:16 INFO  ApacheHttpClient.sendEvent(464) - responseCode = 200
2018-03-27 12:42:16 INFO  ApacheHttpClient.sendEvent(464) - responseCode = 200
2018-03-27 12:43:16 INFO  ApacheHttpClient.sendEvent(464) - responseCode = 200
2018-03-27 12:44:16 INFO  ApacheHttpClient.sendEvent(464) - responseCode = 200
2018-03-27 12:45:16 INFO  ApacheHttpClient.sendEvent(464) - responseCode = 200
2018-03-27 12:46:16 INFO  ApacheHttpClient.sendEvent(464) - responseCode = 200
2018-03-27 12:47:16 INFO  ApacheHttpClient.sendEvent(464) - responseCode = 200
2018-03-27 12:48:16 INFO  ApacheHttpClient.sendEvent(464) - responseCode = 200
2018-03-27 12:49:16 INFO  ApacheHttpClient.sendEvent(464) - responseCode = 200
2018-03-27 12:50:16 INFO  ApacheHttpClient.sendEvent(464) - responseCode = 200
2018-03-27 12:51:16 INFO  ApacheHttpClient.sendEvent(464) - responseCode = 200
2018-03-27 12:52:16 INFO  ApacheHttpClient.sendEvent(464) - responseCode = 200
2018-03-27 12:53:16 INFO  ApacheHttpClient.sendEvent(464) - responseCode = 200
2018-03-27 12:54:16 INFO  ApacheHttpClient.sendEvent(464) - responseCode = 200
2018-03-27 12:55:16 INFO  ApacheHttpClient.sendEvent(464) - responseCode = 200
2018-03-27 12:56:16 INFO  ApacheHttpClient.sendEvent(464) - responseCode = 200
2018-03-27 12:57:16 INFO  ApacheHttpClient.sendEvent(464) - responseCode = 200
2018-03-27 12:58:16 INFO  ApacheHttpClient.sendEvent(464) - responseCode = 200
2018-03-27 12:59:16 INFO  ApacheHttpClient.sendEvent(464) - responseCode = 200
2018-03-27 13:00:16 INFO  ApacheHttpClient.sendEvent(464) - responseCode = 200
2018-03-27 13:01:16 INFO  ApacheHttpClient.sendEvent(464) - responseCode = 200
2018-03-27 13:02:16 INFO  ApacheHttpClient.sendEvent(464) - responseCode = 200
2018-03-27 13:03:16 INFO  ApacheHttpClient.sendEvent(464) - responseCode = 200
2018-03-27 13:04:16 INFO  ApacheHttpClient.sendEvent(464) - responseCode = 200
2018-03-27 13:05:16 INFO  ApacheHttpClient.sendEvent(464) - responseCode = 200
2018-03-27 13:06:16 INFO  ApacheHttpClient.sendEvent(464) - responseCode = 200
2018-03-27 13:07:16 INFO  ApacheHttpClient.sendEvent(464) - responseCode = 200
2018-03-27 13:08:16 INFO  ApacheHttpClient.sendEvent(464) - responseCode = 200
2018-03-27 13:09:16 INFO  ApacheHttpClient.sendEvent(464) - responseCode = 200
2018-03-27 13:10:16 INFO  ApacheHttpClient.sendEvent(464) - responseCode = 200
2018-03-27 13:11:16 INFO  ApacheHttpClient.sendEvent(464) - responseCode = 200
2018-03-27 13:12:16 INFO  ApacheHttpClient.sendEvent(464) - responseCode = 200
2018-03-27 13:13:16 INFO  ApacheHttpClient.sendEvent(464) - responseCode = 200
2018-03-27 13:14:16 INFO  ApacheHttpClient.sendEvent(464) - responseCode = 200
2018-03-27 13:15:16 INFO  ApacheHttpClient.sendEvent(464) - responseCode = 200
2018-03-27 13:16:16 INFO  ApacheHttpClient.sendEvent(464) - responseCode = 200
2018-03-27 13:17:16 INFO  ApacheHttpClient.sendEvent(464) - responseCode = 200
2018-03-27 13:18:16 INFO  ApacheHttpClient.sendEvent(464) - responseCode = 200
2018-03-27 13:19:16 INFO  ApacheHttpClient.sendEvent(464) - responseCode = 200
2018-03-27 13:20:16 INFO  ApacheHttpClient.sendEvent(464) - responseCode = 200
2018-03-27 13:21:16 INFO  ApacheHttpClient.sendEvent(464) - responseCode = 200
2018-03-27 13:22:16 INFO  ApacheHttpClient.sendEvent(464) - responseCode = 200
2018-03-27 13:23:16 INFO  ApacheHttpClient.sendEvent(464) - responseCode = 200
2018-03-27 13:24:16 INFO  ApacheHttpClient.sendEvent(464) - responseCode = 200
2018-03-27 13:25:16 INFO  ApacheHttpClient.sendEvent(464) - responseCode = 200
2018-03-27 13:26:16 INFO  ApacheHttpClient.sendEvent(464) - responseCode = 200
2018-03-27 13:27:16 INFO  ApacheHttpClient.sendEvent(464) - responseCode = 200
2018-03-27 13:28:16 INFO  ApacheHttpClient.sendEvent(464) - responseCode = 200
2018-03-27 13:29:16 INFO  ApacheHttpClient.sendEvent(464) - responseCode = 200
2018-03-27 13:30:16 INFO  ApacheHttpClient.sendEvent(464) - responseCode = 200
2018-03-27 13:31:16 INFO  ApacheHttpClient.sendEvent(464) - responseCode = 200
2018-03-27 13:32:16 INFO  ApacheHttpClient.sendEvent(464) - responseCode = 200
2018-03-27 13:33:16 INFO  ApacheHttpClient.sendEvent(464) - responseCode = 200
2018-03-27 13:34:16 INFO  ApacheHttpClient.sendEvent(464) - responseCode = 200
2018-03-27 13:53:43 ERROR ApacheHttpClient.processExceptionSendEvent(102) - (super) Ошибка во время отправки ивента на сервер.
2018-03-27 13:54:28 ERROR ApacheHttpClient.processExceptionSendEvent(102) - (super) Ошибка во время отправки ивента на сервер.
2018-03-27 13:55:05 ERROR ApacheHttpClient.processExceptionSendEvent(102) - (super) Ошибка во время отправки ивента на сервер.
2018-03-27 13:56:05 INFO  ApacheHttpClient.sendEvent(464) - responseCode = 200
2018-03-27 13:57:04 INFO  ApacheHttpClient.sendEvent(464) - responseCode = 200
2018-03-27 13:58:04 INFO  ApacheHttpClient.sendEvent(464) - responseCode = 200
2018-03-27 13:59:04 INFO  ApacheHttpClient.sendEvent(464) - responseCode = 200
2018-03-27 14:00:04 INFO  ApacheHttpClient.sendEvent(464) - responseCode = 200
2018-03-27 14:01:05 INFO  ApacheHttpClient.sendEvent(464) - responseCode = 200
2018-03-27 14:02:04 INFO  ApacheHttpClient.sendEvent(464) - responseCode = 200
2018-03-27 14:03:04 INFO  ApacheHttpClient.sendEvent(464) - responseCode = 200
2018-03-27 14:04:04 INFO  ApacheHttpClient.sendEvent(464) - responseCode = 200
2018-03-27 14:05:04 INFO  ApacheHttpClient.sendEvent(464) - responseCode = 200
2018-03-27 14:06:04 INFO  ApacheHttpClient.sendEvent(464) - responseCode = 200
2018-03-27 14:07:04 INFO  ApacheHttpClient.sendEvent(464) - responseCode = 200
2018-03-27 14:08:04 INFO  ApacheHttpClient.sendEvent(464) - responseCode = 200
2018-03-27 14:09:04 INFO  ApacheHttpClient.sendEvent(464) - responseCode = 200
2018-03-27 14:10:02 INFO  ApacheHttpClient.sendEvent(464) - responseCode = 200
2018-03-27 14:11:02 INFO  ApacheHttpClient.sendEvent(464) - responseCode = 200
2018-03-27 14:12:02 INFO  ApacheHttpClient.sendEvent(464) - responseCode = 200
2018-03-27 14:13:02 INFO  ApacheHttpClient.sendEvent(464) - responseCode = 200
2018-03-27 14:14:02 INFO  ApacheHttpClient.sendEvent(464) - responseCode = 200
2018-03-27 14:15:02 INFO  ApacheHttpClient.sendEvent(464) - responseCode = 200
2018-03-27 14:16:02 INFO  ApacheHttpClient.sendEvent(464) - responseCode = 200
2018-03-27 14:17:02 INFO  ApacheHttpClient.sendEvent(464) - responseCode = 200
2018-03-27 14:18:02 INFO  ApacheHttpClient.sendEvent(464) - responseCode = 200
2018-03-27 14:19:02 INFO  ApacheHttpClient.sendEvent(464) - responseCode = 200
2018-03-27 14:20:02 INFO  ApacheHttpClient.sendEvent(464) - responseCode = 200
2018-03-27 14:21:02 INFO  ApacheHttpClient.sendEvent(464) - responseCode = 200
2018-03-27 14:22:02 INFO  ApacheHttpClient.sendEvent(464) - responseCode = 200
2018-03-27 14:23:02 INFO  ApacheHttpClient.sendEvent(464) - responseCode = 200
2018-03-27 14:24:02 INFO  ApacheHttpClient.sendEvent(464) - responseCode = 200
2018-03-27 14:25:02 INFO  ApacheHttpClient.sendEvent(464) - responseCode = 200
2018-03-27 14:26:02 INFO  ApacheHttpClient.sendEvent(464) - responseCode = 200
2018-03-27 14:27:02 INFO  ApacheHttpClient.sendEvent(464) - responseCode = 200
2018-03-27 14:28:02 INFO  ApacheHttpClient.sendEvent(464) - responseCode = 200
2018-03-27 14:29:02 INFO  ApacheHttpClient.sendEvent(464) - responseCode = 200
2018-03-27 14:30:02 INFO  ApacheHttpClient.sendEvent(464) - responseCode = 200
2018-03-27 14:31:02 INFO  ApacheHttpClient.sendEvent(464) - responseCode = 200
2018-03-27 14:32:02 INFO  ApacheHttpClient.sendEvent(464) - responseCode = 200
2018-03-27 14:33:02 INFO  ApacheHttpClient.sendEvent(464) - responseCode = 200
2018-03-27 14:34:02 INFO  ApacheHttpClient.sendEvent(464) - responseCode = 200
2018-03-27 14:35:02 INFO  ApacheHttpClient.sendEvent(464) - responseCode = 200
2018-03-27 14:36:02 INFO  ApacheHttpClient.sendEvent(464) - responseCode = 200
2018-03-27 14:37:02 INFO  ApacheHttpClient.sendEvent(464) - responseCode = 200
2018-03-27 14:38:02 INFO  ApacheHttpClient.sendEvent(464) - responseCode = 200
2018-03-27 14:39:02 INFO  ApacheHttpClient.sendEvent(464) - responseCode = 200
2018-03-27 14:40:02 INFO  ApacheHttpClient.sendEvent(464) - responseCode = 200
2018-03-27 14:41:02 INFO  ApacheHttpClient.sendEvent(464) - responseCode = 200
2018-03-27 14:42:02 INFO  ApacheHttpClient.sendEvent(464) - responseCode = 200
2018-03-27 14:43:02 INFO  ApacheHttpClient.sendEvent(464) - responseCode = 200
2018-03-27 14:44:02 INFO  ApacheHttpClient.sendEvent(464) - responseCode = 200
2018-03-27 14:45:02 INFO  ApacheHttpClient.sendEvent(464) - responseCode = 200
2018-03-27 14:46:02 INFO  ApacheHttpClient.sendEvent(464) - responseCode = 200
2018-03-27 14:47:02 INFO  ApacheHttpClient.sendEvent(464) - responseCode = 200
2018-03-27 14:48:02 INFO  ApacheHttpClient.sendEvent(464) - responseCode = 200
2018-03-27 14:49:02 INFO  ApacheHttpClient.sendEvent(464) - responseCode = 200
2018-03-27 14:50:02 INFO  ApacheHttpClient.sendEvent(464) - responseCode = 200
2018-03-27 14:51:02 INFO  ApacheHttpClient.sendEvent(464) - responseCode = 200
2018-03-27 14:52:02 INFO  ApacheHttpClient.sendEvent(464) - responseCode = 200
2018-03-27 14:53:02 INFO  ApacheHttpClient.sendEvent(464) - responseCode = 200
2018-03-27 14:54:02 INFO  ApacheHttpClient.sendEvent(464) - responseCode = 200
2018-03-27 14:55:02 INFO  ApacheHttpClient.sendEvent(464) - responseCode = 200
2018-03-27 14:56:02 INFO  ApacheHttpClient.sendEvent(464) - responseCode = 200
2018-03-27 14:57:02 INFO  ApacheHttpClient.sendEvent(464) - responseCode = 200
2018-03-27 14:58:02 INFO  ApacheHttpClient.sendEvent(464) - responseCode = 200
2018-03-27 14:59:02 INFO  ApacheHttpClient.sendEvent(464) - responseCode = 200
2018-03-27 15:00:02 INFO  ApacheHttpClient.sendEvent(464) - responseCode = 200
2018-03-27 15:01:02 INFO  ApacheHttpClient.sendEvent(464) - responseCode = 200
2018-03-27 15:02:02 INFO  ApacheHttpClient.sendEvent(464) - responseCode = 200
2018-03-27 15:03:02 INFO  ApacheHttpClient.sendEvent(464) - responseCode = 200
2018-03-27 15:04:02 INFO  ApacheHttpClient.sendEvent(464) - responseCode = 200
2018-03-27 15:05:02 INFO  ApacheHttpClient.sendEvent(464) - responseCode = 200
2018-03-27 15:06:03 INFO  ApacheHttpClient.sendEvent(464) - responseCode = 200
2018-03-27 15:07:02 INFO  ApacheHttpClient.sendEvent(464) - responseCode = 200
2018-03-27 15:08:02 INFO  ApacheHttpClient.sendEvent(464) - responseCode = 200
2018-03-27 15:09:02 INFO  ApacheHttpClient.sendEvent(464) - responseCode = 200
2018-03-27 15:10:02 INFO  ApacheHttpClient.sendEvent(464) - responseCode = 200
2018-03-27 15:11:02 INFO  ApacheHttpClient.sendEvent(464) - responseCode = 200
2018-03-27 15:12:02 INFO  ApacheHttpClient.sendEvent(464) - responseCode = 200
2018-03-27 15:13:02 INFO  ApacheHttpClient.sendEvent(464) - responseCode = 200
2018-03-27 15:14:02 INFO  ApacheHttpClient.sendEvent(464) - responseCode = 200
2018-03-27 15:15:02 INFO  ApacheHttpClient.sendEvent(464) - responseCode = 200
2018-03-27 15:16:02 INFO  ApacheHttpClient.sendEvent(464) - responseCode = 200
2018-03-27 15:17:02 INFO  ApacheHttpClient.sendEvent(464) - responseCode = 200
2018-03-27 15:18:02 INFO  ApacheHttpClient.sendEvent(464) - responseCode = 200
2018-03-27 15:19:02 INFO  ApacheHttpClient.sendEvent(464) - responseCode = 200
2018-03-27 15:20:02 INFO  ApacheHttpClient.sendEvent(464) - responseCode = 200
2018-03-27 15:21:02 INFO  ApacheHttpClient.sendEvent(464) - responseCode = 200
2018-03-27 15:22:02 INFO  ApacheHttpClient.sendEvent(464) - responseCode = 200
2018-03-27 15:23:02 INFO  ApacheHttpClient.sendEvent(464) - responseCode = 200
2018-03-27 15:24:02 INFO  ApacheHttpClient.sendEvent(464) - responseCode = 200
2018-03-27 15:25:02 INFO  ApacheHttpClient.sendEvent(464) - responseCode = 200
2018-03-27 15:26:02 INFO  ApacheHttpClient.sendEvent(464) - responseCode = 200
2018-03-27 15:27:02 INFO  ApacheHttpClient.sendEvent(464) - responseCode = 200
2018-03-27 15:28:02 INFO  ApacheHttpClient.sendEvent(464) - responseCode = 200
2018-03-27 15:29:02 INFO  ApacheHttpClient.sendEvent(464) - responseCode = 200
2018-03-27 15:30:02 INFO  ApacheHttpClient.sendEvent(464) - responseCode = 200
2018-03-27 15:31:02 INFO  ApacheHttpClient.sendEvent(464) - responseCode = 200
2018-03-27 15:32:02 INFO  ApacheHttpClient.sendEvent(464) - responseCode = 200
2018-03-27 15:33:02 INFO  ApacheHttpClient.sendEvent(464) - responseCode = 200
2018-03-27 15:34:02 INFO  ApacheHttpClient.sendEvent(464) - responseCode = 200
2018-03-27 15:35:02 INFO  ApacheHttpClient.sendEvent(464) - responseCode = 200
2018-03-27 15:36:02 INFO  ApacheHttpClient.sendEvent(464) - responseCode = 200
2018-03-27 15:37:02 INFO  ApacheHttpClient.sendEvent(464) - responseCode = 200
2018-03-27 15:38:02 INFO  ApacheHttpClient.sendEvent(464) - responseCode = 200
2018-03-27 15:39:02 INFO  ApacheHttpClient.sendEvent(464) - responseCode = 200
2018-03-27 15:40:02 INFO  ApacheHttpClient.sendEvent(464) - responseCode = 200
2018-03-27 15:41:02 INFO  ApacheHttpClient.sendEvent(464) - responseCode = 200
2018-03-27 15:42:02 INFO  ApacheHttpClient.sendEvent(464) - responseCode = 200
2018-03-27 15:43:02 INFO  ApacheHttpClient.sendEvent(464) - responseCode = 200
2018-03-27 15:44:02 INFO  ApacheHttpClient.sendEvent(464) - responseCode = 200
2018-03-27 15:45:02 INFO  ApacheHttpClient.sendEvent(464) - responseCode = 200
2018-03-27 17:10:45 ERROR ApacheHttpClient.processExceptionSendEvent(102) - (super) Ошибка во время отправки ивента на сервер.
2018-03-27 17:11:45 INFO  ApacheHttpClient.sendEvent(464) - responseCode = 200
2018-03-27 17:12:45 INFO  ApacheHttpClient.sendEvent(464) - responseCode = 200
2018-03-27 17:13:45 INFO  ApacheHttpClient.sendEvent(464) - responseCode = 200
2018-03-27 17:14:45 INFO  ApacheHttpClient.sendEvent(464) - responseCode = 200
2018-03-27 17:15:45 INFO  ApacheHttpClient.sendEvent(464) - responseCode = 200
2018-03-27 17:16:45 INFO  ApacheHttpClient.sendEvent(464) - responseCode = 200
2018-03-27 17:17:45 INFO  ApacheHttpClient.sendEvent(464) - responseCode = 200
2018-03-27 17:18:45 INFO  ApacheHttpClient.sendEvent(464) - responseCode = 200
2018-03-27 17:19:45 INFO  ApacheHttpClient.sendEvent(464) - responseCode = 200
2018-03-27 17:20:45 INFO  ApacheHttpClient.sendEvent(464) - responseCode = 200
2018-03-27 17:21:45 INFO  ApacheHttpClient.sendEvent(464) - responseCode = 200
2018-03-27 17:22:45 INFO  ApacheHttpClient.sendEvent(464) - responseCode = 200
2018-03-27 17:23:45 INFO  ApacheHttpClient.sendEvent(464) - responseCode = 200
2018-03-27 17:24:45 INFO  ApacheHttpClient.sendEvent(464) - responseCode = 200
2018-03-27 17:25:45 INFO  ApacheHttpClient.sendEvent(464) - responseCode = 200
2018-03-27 17:26:45 INFO  ApacheHttpClient.sendEvent(464) - responseCode = 200
2018-03-27 17:27:45 INFO  ApacheHttpClient.sendEvent(464) - responseCode = 200
2018-03-27 17:28:45 INFO  ApacheHttpClient.sendEvent(464) - responseCode = 200
2018-03-27 17:29:45 INFO  ApacheHttpClient.sendEvent(464) - responseCode = 200
2018-03-27 17:30:45 INFO  ApacheHttpClient.sendEvent(464) - responseCode = 200
2018-03-27 17:31:45 INFO  ApacheHttpClient.sendEvent(464) - responseCode = 200
2018-03-27 17:32:45 INFO  ApacheHttpClient.sendEvent(464) - responseCode = 200
2018-03-27 17:33:45 INFO  ApacheHttpClient.sendEvent(464) - responseCode = 200
2018-03-27 17:34:45 INFO  ApacheHttpClient.sendEvent(464) - responseCode = 200
2018-03-27 17:35:45 INFO  ApacheHttpClient.sendEvent(464) - responseCode = 200
2018-03-27 17:36:45 INFO  ApacheHttpClient.sendEvent(464) - responseCode = 200
2018-03-27 17:37:45 INFO  ApacheHttpClient.sendEvent(464) - responseCode = 200
2018-03-27 17:38:45 INFO  ApacheHttpClient.sendEvent(464) - responseCode = 200
2018-03-27 17:39:45 INFO  ApacheHttpClient.sendEvent(464) - responseCode = 200
2018-03-27 17:40:45 INFO  ApacheHttpClient.sendEvent(464) - responseCode = 200
2018-03-27 17:41:45 INFO  ApacheHttpClient.sendEvent(464) - responseCode = 200
2018-03-27 17:42:45 INFO  ApacheHttpClient.sendEvent(464) - responseCode = 200
2018-03-27 17:43:45 INFO  ApacheHttpClient.sendEvent(464) - responseCode = 200
2018-03-27 17:44:45 INFO  ApacheHttpClient.sendEvent(464) - responseCode = 200
2018-03-27 17:45:45 INFO  ApacheHttpClient.sendEvent(464) - responseCode = 200
2018-03-27 17:46:45 INFO  ApacheHttpClient.sendEvent(464) - responseCode = 200
2018-03-27 17:47:45 INFO  ApacheHttpClient.sendEvent(464) - responseCode = 200
2018-03-27 17:48:45 INFO  ApacheHttpClient.sendEvent(464) - responseCode = 200
2018-03-27 17:49:45 INFO  ApacheHttpClient.sendEvent(464) - responseCode = 200
2018-03-27 17:50:45 INFO  ApacheHttpClient.sendEvent(464) - responseCode = 200
2018-03-27 17:51:45 INFO  ApacheHttpClient.sendEvent(464) - responseCode = 200
2018-03-27 17:52:45 INFO  ApacheHttpClient.sendEvent(464) - responseCode = 200
2018-03-27 17:53:45 INFO  ApacheHttpClient.sendEvent(464) - responseCode = 200
2018-03-27 17:54:45 INFO  ApacheHttpClient.sendEvent(464) - responseCode = 200
2018-03-27 17:55:45 INFO  ApacheHttpClient.sendEvent(464) - responseCode = 200
2018-03-27 17:56:45 INFO  ApacheHttpClient.sendEvent(464) - responseCode = 200
2018-03-27 17:57:45 INFO  ApacheHttpClient.sendEvent(464) - responseCode = 200
2018-03-27 17:58:45 INFO  ApacheHttpClient.sendEvent(464) - responseCode = 200
2018-03-27 17:59:45 INFO  ApacheHttpClient.sendEvent(464) - responseCode = 200
2018-03-27 18:00:45 INFO  ApacheHttpClient.sendEvent(464) - responseCode = 200
2018-03-27 18:01:45 INFO  ApacheHttpClient.sendEvent(464) - responseCode = 200
2018-03-27 18:02:45 INFO  ApacheHttpClient.sendEvent(464) - responseCode = 200
2018-03-27 18:03:45 INFO  ApacheHttpClient.sendEvent(464) - responseCode = 200
2018-03-27 18:04:45 INFO  ApacheHttpClient.sendEvent(464) - responseCode = 200
2018-03-27 18:05:45 INFO  ApacheHttpClient.sendEvent(464) - responseCode = 200
2018-03-27 18:06:45 INFO  ApacheHttpClient.sendEvent(464) - responseCode = 200
2018-03-27 18:07:45 INFO  ApacheHttpClient.sendEvent(464) - responseCode = 200
2018-03-27 18:08:45 INFO  ApacheHttpClient.sendEvent(464) - responseCode = 200
2018-03-27 18:09:45 INFO  ApacheHttpClient.sendEvent(464) - responseCode = 200
2018-03-27 18:10:45 INFO  ApacheHttpClient.sendEvent(464) - responseCode = 200
2018-03-27 18:11:45 INFO  ApacheHttpClient.sendEvent(464) - responseCode = 200
2018-03-27 18:12:45 INFO  ApacheHttpClient.sendEvent(464) - responseCode = 200
2018-03-27 18:13:45 INFO  ApacheHttpClient.sendEvent(464) - responseCode = 200
2018-03-27 18:14:45 INFO  ApacheHttpClient.sendEvent(464) - responseCode = 200
2018-03-27 18:15:45 INFO  ApacheHttpClient.sendEvent(464) - responseCode = 200
2018-03-27 18:16:45 INFO  ApacheHttpClient.sendEvent(464) - responseCode = 200
2018-03-27 18:17:45 INFO  ApacheHttpClient.sendEvent(464) - responseCode = 200
2018-03-27 18:18:45 INFO  ApacheHttpClient.sendEvent(464) - responseCode = 200
2018-03-27 18:19:45 INFO  ApacheHttpClient.sendEvent(464) - responseCode = 200
2018-03-27 18:20:45 INFO  ApacheHttpClient.sendEvent(464) - responseCode = 200
2018-03-27 18:21:45 INFO  ApacheHttpClient.sendEvent(464) - responseCode = 200
2018-03-27 18:22:45 INFO  ApacheHttpClient.sendEvent(464) - responseCode = 200
2018-03-27 18:23:45 INFO  ApacheHttpClient.sendEvent(464) - responseCode = 200
2018-03-27 18:24:45 INFO  ApacheHttpClient.sendEvent(464) - responseCode = 200
2018-03-27 18:25:45 INFO  ApacheHttpClient.sendEvent(464) - responseCode = 200
2018-03-27 18:26:45 INFO  ApacheHttpClient.sendEvent(464) - responseCode = 200
2018-03-27 18:27:45 INFO  ApacheHttpClient.sendEvent(464) - responseCode = 200
2018-03-27 18:28:45 INFO  ApacheHttpClient.sendEvent(464) - responseCode = 200
2018-03-27 18:29:45 INFO  ApacheHttpClient.sendEvent(464) - responseCode = 200
2018-03-27 18:30:45 INFO  ApacheHttpClient.sendEvent(464) - responseCode = 200
2018-03-27 18:31:45 INFO  ApacheHttpClient.sendEvent(464) - responseCode = 200
2018-03-27 18:32:45 INFO  ApacheHttpClient.sendEvent(464) - responseCode = 200
2018-03-27 18:33:45 INFO  ApacheHttpClient.sendEvent(464) - responseCode = 200
2018-03-27 18:34:45 INFO  ApacheHttpClient.sendEvent(464) - responseCode = 200
2018-03-27 18:35:45 INFO  ApacheHttpClient.sendEvent(464) - responseCode = 200
2018-03-27 18:36:45 INFO  ApacheHttpClient.sendEvent(464) - responseCode = 200
2018-03-27 18:37:45 INFO  ApacheHttpClient.sendEvent(464) - responseCode = 200
2018-03-27 18:38:45 INFO  ApacheHttpClient.sendEvent(464) - responseCode = 200
2018-03-27 18:39:45 INFO  ApacheHttpClient.sendEvent(464) - responseCode = 200
2018-03-27 18:40:45 INFO  ApacheHttpClient.sendEvent(464) - responseCode = 200
2018-03-27 18:41:45 INFO  ApacheHttpClient.sendEvent(464) - responseCode = 200
2018-03-27 18:42:45 INFO  ApacheHttpClient.sendEvent(464) - responseCode = 200
2018-03-27 18:43:45 INFO  ApacheHttpClient.sendEvent(464) - responseCode = 200
2018-03-27 18:44:45 INFO  ApacheHttpClient.sendEvent(464) - responseCode = 200
2018-03-27 18:45:45 INFO  ApacheHttpClient.sendEvent(464) - responseCode = 200
2018-03-27 18:46:45 INFO  ApacheHttpClient.sendEvent(464) - responseCode = 200
2018-03-27 18:47:45 INFO  ApacheHttpClient.sendEvent(464) - responseCode = 200
2018-03-27 18:48:45 INFO  ApacheHttpClient.sendEvent(464) - responseCode = 200
2018-03-27 18:49:45 INFO  ApacheHttpClient.sendEvent(464) - responseCode = 200
2018-03-27 18:50:45 INFO  ApacheHttpClient.sendEvent(464) - responseCode = 200
2018-03-27 18:51:45 INFO  ApacheHttpClient.sendEvent(464) - responseCode = 200
2018-03-27 18:52:45 INFO  ApacheHttpClient.sendEvent(464) - responseCode = 200
2018-03-27 18:53:45 INFO  ApacheHttpClient.sendEvent(464) - responseCode = 200
2018-03-27 18:54:46 INFO  ApacheHttpClient.sendEvent(464) - responseCode = 200
2018-03-27 18:55:45 INFO  ApacheHttpClient.sendEvent(464) - responseCode = 200
2018-03-27 18:56:45 INFO  ApacheHttpClient.sendEvent(464) - responseCode = 200
2018-03-27 18:57:45 INFO  ApacheHttpClient.sendEvent(464) - responseCode = 200
2018-03-27 18:58:45 INFO  ApacheHttpClient.sendEvent(464) - responseCode = 200
2018-03-27 18:59:45 INFO  ApacheHttpClient.sendEvent(464) - responseCode = 200
2018-03-27 19:00:45 INFO  ApacheHttpClient.sendEvent(464) - responseCode = 200
2018-03-27 19:01:45 INFO  ApacheHttpClient.sendEvent(464) - responseCode = 200
2018-03-27 19:02:45 INFO  ApacheHttpClient.sendEvent(464) - responseCode = 200
2018-03-27 19:03:45 INFO  ApacheHttpClient.sendEvent(464) - responseCode = 200
2018-03-27 19:04:45 INFO  ApacheHttpClient.sendEvent(464) - responseCode = 200
2018-03-27 19:05:45 INFO  ApacheHttpClient.sendEvent(464) - responseCode = 200
2018-03-27 19:06:45 INFO  ApacheHttpClient.sendEvent(464) - responseCode = 200
2018-03-27 19:07:45 INFO  ApacheHttpClient.sendEvent(464) - responseCode = 200
2018-03-27 19:08:45 INFO  ApacheHttpClient.sendEvent(464) - responseCode = 200
2018-03-27 19:09:45 INFO  ApacheHttpClient.sendEvent(464) - responseCode = 200
2018-03-27 19:10:45 INFO  ApacheHttpClient.sendEvent(464) - responseCode = 200
2018-03-27 19:11:45 INFO  ApacheHttpClient.sendEvent(464) - responseCode = 200
2018-03-27 19:12:45 INFO  ApacheHttpClient.sendEvent(464) - responseCode = 200
2018-03-27 19:13:45 INFO  ApacheHttpClient.sendEvent(464) - responseCode = 200
2018-03-27 19:14:45 INFO  ApacheHttpClient.sendEvent(464) - responseCode = 200
2018-03-27 19:15:45 INFO  ApacheHttpClient.sendEvent(464) - responseCode = 200
2018-03-27 19:16:45 INFO  ApacheHttpClient.sendEvent(464) - responseCode = 200
2018-03-27 19:17:45 INFO  ApacheHttpClient.sendEvent(464) - responseCode = 200
2018-03-27 19:18:45 INFO  ApacheHttpClient.sendEvent(464) - responseCode = 200
2018-03-27 19:19:45 INFO  ApacheHttpClient.sendEvent(464) - responseCode = 200
2018-03-27 19:20:45 INFO  ApacheHttpClient.sendEvent(464) - responseCode = 200
2018-03-27 19:21:45 INFO  ApacheHttpClient.sendEvent(464) - responseCode = 200
2018-03-27 19:22:45 INFO  ApacheHttpClient.sendEvent(464) - responseCode = 200
2018-03-27 19:23:45 INFO  ApacheHttpClient.sendEvent(464) - responseCode = 200
2018-03-27 19:24:45 INFO  ApacheHttpClient.sendEvent(464) - responseCode = 200
2018-03-27 19:25:45 INFO  ApacheHttpClient.sendEvent(464) - responseCode = 200
2018-03-27 19:26:45 INFO  ApacheHttpClient.sendEvent(464) - responseCode = 200
2018-03-27 19:27:45 INFO  ApacheHttpClient.sendEvent(464) - responseCode = 200
2018-03-27 19:28:45 INFO  ApacheHttpClient.sendEvent(464) - responseCode = 200
2018-03-27 19:29:45 INFO  ApacheHttpClient.sendEvent(464) - responseCode = 200
2018-03-27 19:30:45 INFO  ApacheHttpClient.sendEvent(464) - responseCode = 200
2018-03-27 19:31:45 INFO  ApacheHttpClient.sendEvent(464) - responseCode = 200
2018-03-27 19:32:45 INFO  ApacheHttpClient.sendEvent(464) - responseCode = 200
2018-03-27 19:33:45 INFO  ApacheHttpClient.sendEvent(464) - responseCode = 200
2018-03-27 19:34:45 INFO  ApacheHttpClient.sendEvent(464) - responseCode = 200
2018-03-27 19:35:45 INFO  ApacheHttpClient.sendEvent(464) - responseCode = 200
2018-03-27 19:36:45 INFO  ApacheHttpClient.sendEvent(464) - responseCode = 200
2018-03-27 19:37:45 INFO  ApacheHttpClient.sendEvent(464) - responseCode = 200
2018-03-27 19:38:45 INFO  ApacheHttpClient.sendEvent(464) - responseCode = 200
2018-03-27 19:39:45 INFO  ApacheHttpClient.sendEvent(464) - responseCode = 200
2018-03-27 19:40:45 INFO  ApacheHttpClient.sendEvent(464) - responseCode = 200
2018-03-27 19:41:45 INFO  ApacheHttpClient.sendEvent(464) - responseCode = 200
2018-03-27 19:42:45 INFO  ApacheHttpClient.sendEvent(464) - responseCode = 200
2018-03-27 19:43:45 INFO  ApacheHttpClient.sendEvent(464) - responseCode = 200
2018-03-27 19:44:45 INFO  ApacheHttpClient.sendEvent(464) - responseCode = 200
2018-03-27 19:45:45 INFO  ApacheHttpClient.sendEvent(464) - responseCode = 200
2018-03-27 19:46:45 INFO  ApacheHttpClient.sendEvent(464) - responseCode = 200
2018-03-27 19:47:45 INFO  ApacheHttpClient.sendEvent(464) - responseCode = 200
2018-03-27 19:48:45 INFO  ApacheHttpClient.sendEvent(464) - responseCode = 200
2018-03-27 19:49:45 INFO  ApacheHttpClient.sendEvent(464) - responseCode = 200
2018-03-27 19:50:45 INFO  ApacheHttpClient.sendEvent(464) - responseCode = 200
2018-03-27 19:51:45 INFO  ApacheHttpClient.sendEvent(464) - responseCode = 200
2018-03-27 19:52:45 INFO  ApacheHttpClient.sendEvent(464) - responseCode = 200
2018-03-27 19:53:45 INFO  ApacheHttpClient.sendEvent(464) - responseCode = 200
2018-03-27 19:54:45 INFO  ApacheHttpClient.sendEvent(464) - responseCode = 200
2018-03-27 19:55:45 INFO  ApacheHttpClient.sendEvent(464) - responseCode = 200
2018-03-27 19:56:45 INFO  ApacheHttpClient.sendEvent(464) - responseCode = 200
2018-03-27 19:57:45 INFO  ApacheHttpClient.sendEvent(464) - responseCode = 200
2018-03-27 19:58:46 INFO  ApacheHttpClient.sendEvent(464) - responseCode = 200
2018-03-27 19:59:46 INFO  ApacheHttpClient.sendEvent(464) - responseCode = 200
2018-03-27 20:00:46 INFO  ApacheHttpClient.sendEvent(464) - responseCode = 200
2018-03-27 20:01:46 INFO  ApacheHttpClient.sendEvent(464) - responseCode = 200
2018-03-27 20:02:45 INFO  ApacheHttpClient.sendEvent(464) - responseCode = 200
2018-03-27 20:03:45 INFO  ApacheHttpClient.sendEvent(464) - responseCode = 200
2018-03-27 20:04:45 INFO  ApacheHttpClient.sendEvent(464) - responseCode = 200
2018-03-27 20:05:45 INFO  ApacheHttpClient.sendEvent(464) - responseCode = 200
2018-03-27 20:06:45 INFO  ApacheHttpClient.sendEvent(464) - responseCode = 200
2018-03-27 20:07:46 INFO  ApacheHttpClient.sendEvent(464) - responseCode = 200
2018-03-27 20:08:45 INFO  ApacheHttpClient.sendEvent(464) - responseCode = 200
2018-03-27 20:09:46 INFO  ApacheHttpClient.sendEvent(464) - responseCode = 200
2018-03-27 20:10:46 INFO  ApacheHttpClient.sendEvent(464) - responseCode = 200
2018-03-27 20:11:46 INFO  ApacheHttpClient.sendEvent(464) - responseCode = 200
2018-03-27 20:12:46 INFO  ApacheHttpClient.sendEvent(464) - responseCode = 200
2018-03-27 20:13:46 INFO  ApacheHttpClient.sendEvent(464) - responseCode = 200
2018-03-27 20:14:46 INFO  ApacheHttpClient.sendEvent(464) - responseCode = 200
2018-03-27 20:15:46 INFO  ApacheHttpClient.sendEvent(464) - responseCode = 200
2018-03-27 23:10:56 ERROR ApacheHttpClient.processExceptionSendEvent(102) - (super) Ошибка во время отправки ивента на сервер.
2018-03-27 23:14:48 INFO  ApacheHttpClient.sendEvent(464) - responseCode = 200
2018-03-27 23:15:41 INFO  ApacheHttpClient.sendEvent(464) - responseCode = 200
2018-03-27 23:16:41 INFO  ApacheHttpClient.sendEvent(464) - responseCode = 200
2018-03-27 23:17:41 INFO  ApacheHttpClient.sendEvent(464) - responseCode = 200
2018-03-27 23:18:41 INFO  ApacheHttpClient.sendEvent(464) - responseCode = 200
2018-03-27 23:19:41 INFO  ApacheHttpClient.sendEvent(464) - responseCode = 200
2018-03-27 23:20:41 INFO  ApacheHttpClient.sendEvent(464) - responseCode = 200
2018-03-27 23:21:41 INFO  ApacheHttpClient.sendEvent(464) - responseCode = 200
2018-03-27 23:22:41 INFO  ApacheHttpClient.sendEvent(464) - responseCode = 200
2018-03-27 23:23:41 INFO  ApacheHttpClient.sendEvent(464) - responseCode = 200
2018-03-27 23:24:41 INFO  ApacheHttpClient.sendEvent(464) - responseCode = 200
2018-03-27 23:25:41 INFO  ApacheHttpClient.sendEvent(464) - responseCode = 200
2018-03-27 23:26:41 INFO  ApacheHttpClient.sendEvent(464) - responseCode = 200
2018-03-27 23:27:41 INFO  ApacheHttpClient.sendEvent(464) - responseCode = 200
2018-03-27 23:28:41 INFO  ApacheHttpClient.sendEvent(464) - responseCode = 200
2018-03-27 23:29:41 INFO  ApacheHttpClient.sendEvent(464) - responseCode = 200
2018-03-27 23:30:41 INFO  ApacheHttpClient.sendEvent(464) - responseCode = 200
2018-03-27 23:31:41 INFO  ApacheHttpClient.sendEvent(464) - responseCode = 200
2018-03-27 23:32:41 INFO  ApacheHttpClient.sendEvent(464) - responseCode = 200
2018-03-27 23:33:41 INFO  ApacheHttpClient.sendEvent(464) - responseCode = 200
2018-03-27 23:34:41 INFO  ApacheHttpClient.sendEvent(464) - responseCode = 200
2018-03-27 23:35:41 INFO  ApacheHttpClient.sendEvent(464) - responseCode = 200
2018-03-27 23:36:41 INFO  ApacheHttpClient.sendEvent(464) - responseCode = 200
2018-03-27 23:37:41 INFO  ApacheHttpClient.sendEvent(464) - responseCode = 200
2018-03-27 23:38:41 INFO  ApacheHttpClient.sendEvent(464) - responseCode = 200
2018-03-27 23:39:41 INFO  ApacheHttpClient.sendEvent(464) - responseCode = 200
2018-03-27 23:40:41 INFO  ApacheHttpClient.sendEvent(464) - responseCode = 200
2018-03-27 23:41:41 INFO  ApacheHttpClient.sendEvent(464) - responseCode = 200
2018-03-27 23:42:41 INFO  ApacheHttpClient.sendEvent(464) - responseCode = 200
2018-03-27 23:43:41 INFO  ApacheHttpClient.sendEvent(464) - responseCode = 200
2018-03-27 23:44:41 INFO  ApacheHttpClient.sendEvent(464) - responseCode = 200
2018-03-27 23:45:41 INFO  ApacheHttpClient.sendEvent(464) - responseCode = 200
2018-03-27 23:46:41 INFO  ApacheHttpClient.sendEvent(464) - responseCode = 200
2018-03-27 23:47:41 INFO  ApacheHttpClient.sendEvent(464) - responseCode = 200
2018-03-27 23:48:41 INFO  ApacheHttpClient.sendEvent(464) - responseCode = 200
2018-03-27 23:49:41 INFO  ApacheHttpClient.sendEvent(464) - responseCode = 200
2018-03-27 23:50:41 INFO  ApacheHttpClient.sendEvent(464) - responseCode = 200
2018-03-27 23:51:41 INFO  ApacheHttpClient.sendEvent(464) - responseCode = 200
2018-03-27 23:52:41 INFO  ApacheHttpClient.sendEvent(464) - responseCode = 200
2018-03-27 23:53:41 INFO  ApacheHttpClient.sendEvent(464) - responseCode = 200
2018-03-27 23:54:41 INFO  ApacheHttpClient.sendEvent(464) - responseCode = 200
2018-03-27 23:55:41 INFO  ApacheHttpClient.sendEvent(464) - responseCode = 200
2018-03-27 23:56:41 INFO  ApacheHttpClient.sendEvent(464) - responseCode = 200
2018-03-27 23:58:01 INFO  ApacheHttpClient.sendEvent(464) - responseCode = 200
2018-03-27 23:58:45 INFO  ApacheHttpClient.sendEvent(464) - responseCode = 200
2018-03-27 23:59:42 INFO  ApacheHttpClient.sendEvent(464) - responseCode = 200
2018-03-28 00:00:41 INFO  ApacheHttpClient.sendEvent(464) - responseCode = 200
2018-03-28 00:01:41 INFO  ApacheHttpClient.sendEvent(464) - responseCode = 200
2018-03-28 00:02:41 INFO  ApacheHttpClient.sendEvent(464) - responseCode = 200
2018-03-28 00:03:41 INFO  ApacheHttpClient.sendEvent(464) - responseCode = 200
2018-03-28 00:04:41 INFO  ApacheHttpClient.sendEvent(464) - responseCode = 200
2018-03-28 00:05:41 INFO  ApacheHttpClient.sendEvent(464) - responseCode = 200
2018-03-28 00:06:41 INFO  ApacheHttpClient.sendEvent(464) - responseCode = 200
2018-03-28 00:07:41 INFO  ApacheHttpClient.sendEvent(464) - responseCode = 200
2018-03-28 00:08:41 INFO  ApacheHttpClient.sendEvent(464) - responseCode = 200
2018-03-28 00:09:41 INFO  ApacheHttpClient.sendEvent(464) - responseCode = 200
2018-03-28 00:10:41 INFO  ApacheHttpClient.sendEvent(464) - responseCode = 200
2018-03-28 00:11:41 INFO  ApacheHttpClient.sendEvent(464) - responseCode = 200
2018-03-28 00:12:42 INFO  ApacheHttpClient.sendEvent(464) - responseCode = 200
2018-03-28 00:13:41 INFO  ApacheHttpClient.sendEvent(464) - responseCode = 200
2018-03-28 00:14:41 INFO  ApacheHttpClient.sendEvent(464) - responseCode = 200
2018-03-28 00:15:41 INFO  ApacheHttpClient.sendEvent(464) - responseCode = 200
2018-03-28 00:16:41 INFO  ApacheHttpClient.sendEvent(464) - responseCode = 200
2018-03-28 00:17:41 INFO  ApacheHttpClient.sendEvent(464) - responseCode = 200
2018-03-28 00:18:41 INFO  ApacheHttpClient.sendEvent(464) - responseCode = 200
2018-03-28 00:19:41 INFO  ApacheHttpClient.sendEvent(464) - responseCode = 200
2018-03-28 00:20:41 INFO  ApacheHttpClient.sendEvent(464) - responseCode = 200
2018-03-28 00:21:41 INFO  ApacheHttpClient.sendEvent(464) - responseCode = 200
2018-03-28 00:22:41 INFO  ApacheHttpClient.sendEvent(464) - responseCode = 200
2018-03-28 00:23:41 INFO  ApacheHttpClient.sendEvent(464) - responseCode = 200
2018-03-28 00:24:41 INFO  ApacheHttpClient.sendEvent(464) - responseCode = 200
2018-03-28 00:25:41 INFO  ApacheHttpClient.sendEvent(464) - responseCode = 200
2018-03-28 00:26:41 INFO  ApacheHttpClient.sendEvent(464) - responseCode = 200
2018-03-28 00:27:41 INFO  ApacheHttpClient.sendEvent(464) - responseCode = 200
2018-03-28 00:28:41 INFO  ApacheHttpClient.sendEvent(464) - responseCode = 200
2018-03-28 00:29:41 INFO  ApacheHttpClient.sendEvent(464) - responseCode = 200
2018-03-28 00:30:41 INFO  ApacheHttpClient.sendEvent(464) - responseCode = 200
2018-03-28 00:31:41 INFO  ApacheHttpClient.sendEvent(464) - responseCode = 200
2018-03-28 00:32:41 INFO  ApacheHttpClient.sendEvent(464) - responseCode = 200
2018-03-28 00:33:41 INFO  ApacheHttpClient.sendEvent(464) - responseCode = 200
2018-03-28 00:34:41 INFO  ApacheHttpClient.sendEvent(464) - responseCode = 200
2018-03-28 00:35:41 INFO  ApacheHttpClient.sendEvent(464) - responseCode = 200
2018-03-28 00:36:41 INFO  ApacheHttpClient.sendEvent(464) - responseCode = 200
2018-03-28 00:37:41 INFO  ApacheHttpClient.sendEvent(464) - responseCode = 200
2018-03-28 00:38:41 INFO  ApacheHttpClient.sendEvent(464) - responseCode = 200
2018-03-28 00:38:57 INFO  JavaRushTasksProjectComponent.projectClosing(165) - ---------- Project JavaRushTasks closed ----------

2018-03-28 00:38:57 INFO  ApacheHttpClient.getTask(416) - responseCode = 200
2018-03-28 00:39:03 ERROR ComponentManager.error(130) - null
java.lang.NullPointerException
	at com.maddyhome.idea.vim.EventFacade.getTypedAction(EventFacade.java:125)
	at com.maddyhome.idea.vim.EventFacade.restoreTypedActionHandler(EventFacade.java:69)
	at com.maddyhome.idea.vim.VimPlugin.disposeComponent(VimPlugin.java:183)
	at com.intellij.openapi.components.impl.ComponentManagerImpl.disposeComponents(ComponentManagerImpl.java:150)
	at com.intellij.openapi.application.impl.ApplicationImpl.dispose(ApplicationImpl.java:495)
	at com.intellij.openapi.util.Disposer$1.execute(Disposer.java:48)
	at com.intellij.openapi.util.Disposer$1.execute(Disposer.java:44)
	at com.intellij.openapi.util.objectTree.ObjectNode$1.execute(ObjectNode.java:138)
	at com.intellij.openapi.util.objectTree.ObjectNode$1.execute(ObjectNode.java:107)
	at com.intellij.openapi.util.objectTree.ObjectTree.executeActionWithRecursiveGuard(ObjectTree.java:167)
	at com.intellij.openapi.util.objectTree.ObjectNode.execute(ObjectNode.java:107)
	at com.intellij.openapi.util.objectTree.ObjectTree.executeAll(ObjectTree.java:142)
	at com.intellij.openapi.util.Disposer.dispose(Disposer.java:129)
	at com.intellij.openapi.util.Disposer.dispose(Disposer.java:125)
	at com.intellij.openapi.application.impl.ApplicationImpl.lambda$disposeSelf$7(ApplicationImpl.java:254)
	at com.intellij.openapi.application.impl.ApplicationImpl.runWriteAction(ApplicationImpl.java:1003)
	at com.intellij.openapi.application.impl.ApplicationImpl.disposeSelf(ApplicationImpl.java:254)
	at com.intellij.openapi.application.impl.ApplicationImpl.doExit(ApplicationImpl.java:782)
	at com.intellij.openapi.application.impl.ApplicationImpl.exit(ApplicationImpl.java:758)
	at com.intellij.openapi.application.impl.ApplicationImpl.exit(ApplicationImpl.java:747)
	at com.intellij.openapi.application.impl.ApplicationImpl.exit(ApplicationImpl.java:724)
	at com.intellij.openapi.application.impl.ApplicationImpl.exit(ApplicationImpl.java:719)
	at com.intellij.openapi.wm.impl.welcomeScreen.WelcomeFrame$3.windowClosing(WelcomeFrame.java:120)
	at java.awt.AWTEventMulticaster.windowClosing(AWTEventMulticaster.java:349)
	at java.awt.AWTEventMulticaster.windowClosing(AWTEventMulticaster.java:349)
	at java.awt.Window.processWindowEvent(Window.java:2054)
	at javax.swing.JFrame.processWindowEvent(JFrame.java:305)
	at java.awt.Window.processEvent(Window.java:2013)
	at java.awt.Component.dispatchEventImpl(Component.java:4897)
	at java.awt.Container.dispatchEventImpl(Container.java:2295)
	at java.awt.Window.dispatchEventImpl(Window.java:2746)
	at java.awt.Component.dispatchEvent(Component.java:4719)
	at java.awt.EventQueue.dispatchEventImpl(EventQueue.java:764)
	at java.awt.EventQueue.access$500(EventQueue.java:98)
	at java.awt.EventQueue$3.run(EventQueue.java:715)
	at java.awt.EventQueue$3.run(EventQueue.java:709)
	at java.security.AccessController.doPrivileged(Native Method)
	at java.security.ProtectionDomain$JavaSecurityAccessImpl.doIntersectionPrivilege(ProtectionDomain.java:80)
	at java.security.ProtectionDomain$JavaSecurityAccessImpl.doIntersectionPrivilege(ProtectionDomain.java:90)
	at java.awt.EventQueue$4.run(EventQueue.java:737)
	at java.awt.EventQueue$4.run(EventQueue.java:735)
	at java.security.AccessController.doPrivileged(Native Method)
	at java.security.ProtectionDomain$JavaSecurityAccessImpl.doIntersectionPrivilege(ProtectionDomain.java:80)
	at java.awt.EventQueue.dispatchEvent(EventQueue.java:734)
	at com.intellij.ide.IdeEventQueue.defaultDispatchEvent(IdeEventQueue.java:822)
	at com.intellij.ide.IdeEventQueue._dispatchEvent(IdeEventQueue.java:650)
	at com.intellij.ide.IdeEventQueue.dispatchEvent(IdeEventQueue.java:366)
	at java.awt.EventDispatchThread.pumpOneEventForFilters(EventDispatchThread.java:201)
	at java.awt.EventDispatchThread.pumpEventsForFilter(EventDispatchThread.java:116)
	at java.awt.EventDispatchThread.pumpEventsForHierarchy(EventDispatchThread.java:105)
	at java.awt.EventDispatchThread.pumpEvents(EventDispatchThread.java:101)
	at java.awt.EventDispatchThread.pumpEvents(EventDispatchThread.java:93)
	at java.awt.EventDispatchThread.run(EventDispatchThread.java:82)
2018-03-28 00:39:03 ERROR ComponentManager.logErrorHeader(138) - IntelliJ IDEA 2017.3.5  Build #IC-173.4674.33
2018-03-28 00:39:03 ERROR ComponentManager.logErrorHeader(145) - JDK: 1.8.0_152-release
2018-03-28 00:39:03 ERROR ComponentManager.logErrorHeader(146) - VM: OpenJDK 64-Bit Server VM
2018-03-28 00:39:03 ERROR ComponentManager.logErrorHeader(147) - Vendor: JetBrains s.r.o
2018-03-28 00:39:03 ERROR ComponentManager.logErrorHeader(148) - OS: Mac OS X
